digraph p_publisher {
size="8,10";
  GT [shape=box,style=dotted,label="publisher"];
  GT -> S26;
	S26 -> S2  [color=black,style=bold,label="((registered==0))"];
	S26 -> S12  [color=black,style=bold,label="((registered==1))"];
	S26 -> S29  [color=black,style=bold,label="((mgs_sent==10))"];
	S26 -> S29  [color=black,style=bold,label="((mgs_sent==10))"];
	S2 -> S8  [color=black,style=solid,label="printf('PUBLISHER: Requesting Publisher Registration ')"];
	S8 -> S8  [color=black,style=bold,label="out!pub,97"];
	S8 -> S7  [color=black,style=bold,label="in?puback,namespace"];
	S7 -> S6  [color=black,style=dashed,label="registered = 1"];
	S6 -> S26  [color=black,style=solid,label="goto start"];
	S12 -> S17  [color=black,style=solid,label="printf('PUBLISHER: Publisher Registered ')"];
	S17 -> S14  [color=black,style=bold,label="p2s!message"];
	S17 -> S26  [color=black,style=bold,label="((mgs_sent==10))"];
	S14 -> S17  [color=black,style=solid,label="printf('PUBLISHER: Publishing %c ',message)"];
	S29 -> S0  [color=black,style=solid,label="-end-"];
  S29 [color=blue,style=bold,shape=box];
}
